[LOG] Userspace   time = 161.530 sec
[LOG] Kernelspace time = 0.020 sec
[LOG] Real        time = 161.560 sec
[LOG] Number of threads = 1
[LOG] Time x Threads = 161.560 sec

[LOG] Userspace   time = 187.740 sec
[LOG] Kernelspace time = 0.010 sec
[LOG] Real        time = 94.270 sec
[LOG] Number of threads = 2
[LOG] Time x Threads = 188.540 sec

[LOG] Userspace   time = 214.340 sec
[LOG] Kernelspace time = 0.030 sec
[LOG] Real        time = 72.380 sec
[LOG] Number of threads = 3
[LOG] Time x Threads = 217.140 sec

[LOG] Userspace   time = 235.290 sec
[LOG] Kernelspace time = 0.010 sec
[LOG] Real        time = 59.710 sec
[LOG] Number of threads = 4
[LOG] Time x Threads = 238.840 sec

[LOG] Userspace   time = 258.190 sec
[LOG] Kernelspace time = 0.010 sec
[LOG] Real        time = 57.460 sec
[LOG] Number of threads = 5
[LOG] Time x Threads = 287.300 sec

[LOG] Userspace   time = 292.570 sec
[LOG] Kernelspace time = 0.040 sec
[LOG] Real        time = 52.590 sec
[LOG] Number of threads = 6
[LOG] Time x Threads = 315.540 sec

[LOG] Userspace   time = 323.270 sec
[LOG] Kernelspace time = 0.030 sec
[LOG] Real        time = 48.500 sec
[LOG] Number of threads = 7
[LOG] Time x Threads = 339.500 sec

[LOG] Userspace   time = 345.710 sec
[LOG] Kernelspace time = 0.100 sec
[LOG] Real        time = 44.070 sec
[LOG] Number of threads = 8
[LOG] Time x Threads = 352.560 sec
