[LOG] Userspace   time = 159.420 sec
[LOG] Kernelspace time = 0.010 sec
[LOG] Real        time = 159.430 sec
[LOG] Number of threads = 1
[LOG] Time x Threads = 159.430 sec

[LOG] Userspace   time = 187.960 sec
[LOG] Kernelspace time = 0.000 sec
[LOG] Real        time = 94.340 sec
[LOG] Number of threads = 2
[LOG] Time x Threads = 188.680 sec

[LOG] Userspace   time = 201.930 sec
[LOG] Kernelspace time = 0.010 sec
[LOG] Real        time = 71.660 sec
[LOG] Number of threads = 3
[LOG] Time x Threads = 214.980 sec

[LOG] Userspace   time = 217.180 sec
[LOG] Kernelspace time = 0.000 sec
[LOG] Real        time = 56.430 sec
[LOG] Number of threads = 4
[LOG] Time x Threads = 225.720 sec

[LOG] Userspace   time = 246.080 sec
[LOG] Kernelspace time = 0.000 sec
[LOG] Real        time = 52.510 sec
[LOG] Number of threads = 5
[LOG] Time x Threads = 262.550 sec

[LOG] Userspace   time = 281.330 sec
[LOG] Kernelspace time = 0.010 sec
[LOG] Real        time = 48.950 sec
[LOG] Number of threads = 6
[LOG] Time x Threads = 293.700 sec

[LOG] Userspace   time = 275.420 sec
[LOG] Kernelspace time = 0.000 sec
[LOG] Real        time = 50.980 sec
[LOG] Number of threads = 7
[LOG] Time x Threads = 356.860 sec

[LOG] Userspace   time = 319.610 sec
[LOG] Kernelspace time = 0.020 sec
[LOG] Real        time = 44.610 sec
[LOG] Number of threads = 8
[LOG] Time x Threads = 356.880 sec
