[LOG] Userspace   time = 2567.440 sec
[LOG] Kernelspace time = 0.030 sec
[LOG] Real        time = 321.160 sec
[LOG] Number of threads = 1
[LOG] Time x Threads = 321.160 sec

[LOG] Userspace   time = 1240.450 sec
[LOG] Kernelspace time = 0.040 sec
[LOG] Real        time = 155.270 sec
[LOG] Number of threads = 2
[LOG] Time x Threads = 310.540 sec

[LOG] Userspace   time = 824.050 sec
[LOG] Kernelspace time = 0.020 sec
[LOG] Real        time = 103.870 sec
[LOG] Number of threads = 3
[LOG] Time x Threads = 311.610 sec

[LOG] Userspace   time = 626.120 sec
[LOG] Kernelspace time = 0.030 sec
[LOG] Real        time = 79.840 sec
[LOG] Number of threads = 4
[LOG] Time x Threads = 319.360 sec

[LOG] Userspace   time = 495.190 sec
[LOG] Kernelspace time = 0.010 sec
[LOG] Real        time = 62.390 sec
[LOG] Number of threads = 5
[LOG] Time x Threads = 311.950 sec

[LOG] Userspace   time = 408.880 sec
[LOG] Kernelspace time = 0.010 sec
[LOG] Real        time = 53.930 sec
[LOG] Number of threads = 6
[LOG] Time x Threads = 323.580 sec

[LOG] Userspace   time = 351.300 sec
[LOG] Kernelspace time = 0.020 sec
[LOG] Real        time = 47.230 sec
[LOG] Number of threads = 7
[LOG] Time x Threads = 330.610 sec

[LOG] Userspace   time = 296.710 sec
[LOG] Kernelspace time = 0.020 sec
[LOG] Real        time = 40.390 sec
[LOG] Number of threads = 8
[LOG] Time x Threads = 323.120 sec

